/*C123*/SET SCHEMA PUBLIC
INSERT INTO TRANSACTION VALUES('21db8379-513d-45be-927f-6ac1aba72fd7',123,'erick\u0009','2021-01-13 16:47:17.423000',55666.00)
COMMIT
INSERT INTO TRANSACTION VALUES('25c4a56c-5ed9-4fa9-9eb7-e3d4f6b7700f',5544,'any','2021-01-13 16:58:55.284000',1000.00)
COMMIT
INSERT INTO TRANSACTION VALUES('e4632d41-1d44-4d78-b4d7-aa9f4886bc32',123,'erick\u0009','2021-01-13 17:02:43.946000',32000.00)
COMMIT
DISCONNECT
/*C124*/SET SCHEMA PUBLIC
DISCONNECT
/*C125*/SET SCHEMA PUBLIC
DISCONNECT
/*C126*/SET SCHEMA PUBLIC
DISCONNECT
/*C127*/SET SCHEMA PUBLIC
DISCONNECT
/*C128*/SET SCHEMA PUBLIC
DISCONNECT
/*C129*/SET SCHEMA PUBLIC
DISCONNECT
/*C130*/SET SCHEMA PUBLIC
DISCONNECT
/*C131*/SET SCHEMA PUBLIC
DISCONNECT
/*C132*/SET SCHEMA PUBLIC
DISCONNECT
